#
# A fatal error has been detected by the Java Runtime Environment:
#
#  EXCEPTION_ACCESS_VIOLATION (0xc0000005) at pc=0x000000005bced7dc, pid=9704, tid=6232
#
# JRE version: Java(TM) SE Runtime Environment (10.0.1+10) (build 10.0.1+10)
# Java VM: Java HotSpot(TM) 64-Bit Server VM (10.0.1+10, mixed mode, tiered, compressed oops, g1 gc, windows-amd64)
# Problematic frame:
# V  [jvm.dll+0x31d7dc]
#
# No core dump will be written. Minidumps are not enabled by default on client versions of Windows
#
# If you would like to submit a bug report, please visit:
#   http://bugreport.java.com/bugreport/crash.jsp
#

---------------  S U M M A R Y ------------

Command Line: -agentlib:jdwp=transport=dt_socket,suspend=y,address=localhost:52818 -ea -Dfile.encoding=Cp1252 org.testng.remote.RemoteTestNG -serport 52817 -protocol json -d F:\WS\SaferWatchNew\SaferWatchNew\test-output C:\Users\Admin\AppData\Local\Temp\testng-eclipse--2085546748\testng-customsuite.xml

Host: Intel(R) Core(TM) i3-2100 CPU @ 3.10GHz, 4 cores, 7G,  Windows 10 , 64 bit Build 10240 (10.0.10240.16384)
Time: Tue May 21 15:22:06 2019 Pacific Daylight Time elapsed time: 1008 seconds (0d 0h 16m 48s)

---------------  T H R E A D  ---------------

Current thread (0x000000c1317ff000):  VMThread "VM Thread" [stack: 0x000000c132570000,0x000000c132670000] [id=6232]

Stack: [0x000000c132570000,0x000000c132670000],  sp=0x000000c13266efe0,  free space=1019k
Native frames: (J=compiled Java code, j=interpreted, Vv=VM code, C=native code)
V  [jvm.dll+0x31d7dc]
V  [jvm.dll+0x31fb8b]
V  [jvm.dll+0x3201ce]
V  [jvm.dll+0x31d9a5]
V  [jvm.dll+0x31cd63]
V  [jvm.dll+0x590c0f]
V  [jvm.dll+0x590ff6]
V  [jvm.dll+0x590db6]
V  [jvm.dll+0x55c228]
V  [jvm.dll+0x473b9a]
V  [jvm.dll+0x6c485c]
V  [jvm.dll+0x6c2fc5]
V  [jvm.dll+0x6c37d0]
V  [jvm.dll+0x6c3b0c]
V  [jvm.dll+0x59f680]
C  [msvcr120.dll+0x24f7f]
C  [msvcr120.dll+0x25126]
C  [KERNEL32.DLL+0x12d92]
C  [ntdll.dll+0x9f64]


siginfo: EXCEPTION_ACCESS_VIOLATION (0xc0000005), reading address 0x0000000000000006


Register to memory mapping:

RIP=0x000000005bced7dc jvm.dll
RAX=0x0000000000000000 is an unknown value
RBX=0x000000c1357f8e70 is pointing into metadata
RCX=0x0000000000000000 is an unknown value
RDX=0x000000000000341a is an unknown value
RSP=0x000000c13266efe0 is an unknown value
RBP=0x0000000000000001 is an unknown value
RSI=0x000000005c36ac28 jvm.dll
RDI=0x000000c13266f280 is an unknown value
R8 =0x0000000000000000 is an unknown value
R9 =0x000000c1357f8e70 is pointing into metadata
R10=0x0000000000000200 is an unknown value
R11=0x000000c13179a5ec is an unknown value
R12=0x000000005c14d601 jvm.dll
R13=0x0000000000000000 is an unknown value
R14=0x0000000000000000 is an unknown value
R15=0x0000000000000000 is an unknown value


Registers:
RAX=0x0000000000000000, RBX=0x000000c1357f8e70, RCX=0x0000000000000000, RDX=0x000000000000341a
RSP=0x000000c13266efe0, RBP=0x0000000000000001, RSI=0x000000005c36ac28, RDI=0x000000c13266f280
R8 =0x0000000000000000, R9 =0x000000c1357f8e70, R10=0x0000000000000200, R11=0x000000c13179a5ec
R12=0x000000005c14d601, R13=0x0000000000000000, R14=0x0000000000000000, R15=0x0000000000000000
RIP=0x000000005bced7dc, EFLAGS=0x0000000000010202

Top of Stack: (sp=0x000000c13266efe0)
0x000000c13266efe0:   00000000000001b6 000000005bcedb11
0x000000c13266eff0:   0000000000000008 0000000000000000
0x000000c13266f000:   000000c13266f280 000000005bcf0d95
0x000000c13266f010:   000000c13179a528 000000005bced51e
0x000000c13266f020:   00008e38e76cc6d2 00008e38000000e6
0x000000c13266f030:   0000000000000000 000000c13266f0d0
0x000000c13266f040:   000000c13266f280 000000005bcefb8b
0x000000c13266f050:   000000c13266f280 00000000000001e5
0x000000c13266f060:   000000c13266f100 0000000000000000
0x000000c13266f070:   00000000000001e5 000000005c14d601
0x000000c13266f080:   0000000000000000 0000000000000214
0x000000c13266f090:   000000c13179a500 000000005bcf01ce
0x000000c13266f0a0:   000000c13266f280 000000c13266f100
0x000000c13266f0b0:   0000000000000000 000000c13179a500
0x000000c13266f0c0:   0000000000006000 000000005bcf2071
0x000000c13266f0d0:   000000c1357f9dc8 000000c1317ff000 

Instructions: (pc=0x000000005bced7dc)
0x000000005bced7bc:   8b cb e8 8d 11 f1 ff 48 8b cb 8b d0 e8 f3 38 f1
0x000000005bced7cc:   ff 48 8d 35 54 d4 67 00 48 63 c8 48 8b 44 cb 40
0x000000005bced7dc:   0f b6 48 06 8b 05 3e d4 67 00 80 f9 4c 74 2b 80
0x000000005bced7ec:   f9 5b 74 26 80 f9 4a 74 18 80 f9 44 74 13 48 8d 


VM_Operation (0x000000c13378f740): GetOrSetLocal, mode: safepoint, requested by thread 0x000000c13305e000


---------------  P R O C E S S  ---------------

Threads class SMR info:
_java_thread_list=0x000000c134971920, length=20, elements={
0x000000c113261000, 0x000000c131804000, 0x000000c13180f000, 0x000000c13181a000,
0x000000c13181b000, 0x000000c131820000, 0x000000c13182b000, 0x000000c131839000,
0x000000c132e80800, 0x000000c13305e000, 0x000000c13305f000, 0x000000c133060000,
0x000000c13306c800, 0x000000c13306d000, 0x000000c133dba800, 0x000000c134b7e800,
0x000000c134667000, 0x000000c134668000, 0x000000c13484f800, 0x000000c134484800
}

Java Threads: ( => current thread )
  0x000000c113261000 JavaThread "main" [_thread_blocked, id=984, stack(0x000000c113150000,0x000000c113250000)]
  0x000000c131804000 JavaThread "Reference Handler" daemon [_thread_blocked, id=6272, stack(0x000000c132670000,0x000000c132770000)]
  0x000000c13180f000 JavaThread "Finalizer" daemon [_thread_blocked, id=1860, stack(0x000000c132770000,0x000000c132870000)]
  0x000000c13181a000 JavaThread "Signal Dispatcher" daemon [_thread_blocked, id=7608, stack(0x000000c132950000,0x000000c132a50000)]
  0x000000c13181b000 JavaThread "Attach Listener" daemon [_thread_blocked, id=1020, stack(0x000000c132a50000,0x000000c132b50000)]
  0x000000c131820000 JavaThread "C2 CompilerThread0" daemon [_thread_blocked, id=8280, stack(0x000000c132b50000,0x000000c132c50000)]
  0x000000c13182b000 JavaThread "C2 CompilerThread1" daemon [_thread_blocked, id=2308, stack(0x000000c132c50000,0x000000c132d50000)]
  0x000000c131839000 JavaThread "C1 CompilerThread2" daemon [_thread_blocked, id=3988, stack(0x000000c132d50000,0x000000c132e50000)]
  0x000000c132e80800 JavaThread "Sweeper thread" daemon [_thread_blocked, id=7744, stack(0x000000c133250000,0x000000c133350000)]
  0x000000c13305e000 JavaThread "JDWP Transport Listener: dt_socket" daemon [_thread_blocked, id=1636, stack(0x000000c133690000,0x000000c133790000)] _threads_hazard_ptr=0x000000c134971920
  0x000000c13305f000 JavaThread "JDWP Event Helper Thread" daemon [_thread_blocked, id=1336, stack(0x000000c133790000,0x000000c133890000)]
  0x000000c133060000 JavaThread "JDWP Command Reader" daemon [_thread_in_native, id=2604, stack(0x000000c133890000,0x000000c133990000)]
  0x000000c13306c800 JavaThread "Service Thread" daemon [_thread_blocked, id=3076, stack(0x000000c133990000,0x000000c133a90000)]
  0x000000c13306d000 JavaThread "Common-Cleaner" daemon [_thread_blocked, id=3848, stack(0x000000c133a90000,0x000000c133b90000)]
  0x000000c133dba800 JavaThread "ReaderThread" [_thread_in_native, id=5184, stack(0x000000c135660000,0x000000c135760000)]
  0x000000c134b7e800 JavaThread "Exec Default Executor" daemon [_thread_in_native, id=9860, stack(0x000000c136160000,0x000000c136260000)]
  0x000000c134667000 JavaThread "Exec Stream Pumper" daemon [_thread_in_native, id=4636, stack(0x000000c136360000,0x000000c136460000)]
  0x000000c134668000 JavaThread "Exec Stream Pumper" daemon [_thread_in_native, id=9984, stack(0x000000c136460000,0x000000c136560000)]
  0x000000c13484f800 JavaThread "ForkJoinPool.commonPool-worker-3" daemon [_thread_blocked, id=7680, stack(0x000000c136a60000,0x000000c136b60000)]
  0x000000c134484800 JavaThread "Okio Watchdog" daemon [_thread_blocked, id=2116, stack(0x000000c136c60000,0x000000c136d60000)]

Other Threads:
=>0x000000c1317ff000 VMThread "VM Thread" [stack: 0x000000c132570000,0x000000c132670000] [id=6232]
  0x000000c13308a000 WatcherThread [stack: 0x000000c133b90000,0x000000c133c90000] [id=7148]
  0x000000c113275000 GCTaskThread "GC Thread#0" [stack: 0x000000c129c00000,0x000000c129d00000] [id=9336]
  0x000000c113276800 GCTaskThread "GC Thread#1" [stack: 0x000000c129d00000,0x000000c129e00000] [id=1248]
  0x000000c113279000 GCTaskThread "GC Thread#2" [stack: 0x000000c129e00000,0x000000c129f00000] [id=7200]
  0x000000c11327b000 GCTaskThread "GC Thread#3" [stack: 0x000000c129f00000,0x000000c12a000000] [id=6132]
  0x000000c1132ec000 ConcurrentGCThread "G1 Main Marker" [stack: 0x000000c12f030000,0x000000c12f130000] [id=9488]
  0x000000c1132ed000 ConcurrentGCThread "G1 Conc#0" [stack: 0x000000c12f130000,0x000000c12f230000] [id=520]
  0x000000c11334e800 ConcurrentGCThread "G1 Refine#0" [stack: 0x000000c131870000,0x000000c131970000] [id=6496]
  0x000000c131694800 ConcurrentGCThread "G1 Refine#1" [stack: 0x000000c131970000,0x000000c131a70000] [id=8828]
  0x000000c131695800 ConcurrentGCThread "G1 Refine#2" [stack: 0x000000c131a70000,0x000000c131b70000] [id=6240]
  0x000000c131696800 ConcurrentGCThread "G1 Refine#3" [stack: 0x000000c131b70000,0x000000c131c70000] [id=9016]
  0x000000c13169b000 ConcurrentGCThread "G1 Young RemSet Sampling" [stack: 0x000000c131c70000,0x000000c131d70000] [id=9768]

Threads with active compile tasks:

VM state:at safepoint (normal execution)

VM Mutex/Monitor currently owned by a thread:  ([mutex/lock_event])
[0x000000c11325f1e0] Threads_lock - owner thread: 0x000000c1317ff000

Heap address: 0x0000000081400000, size: 2028 MB, Compressed Oops mode: 32-bit
Narrow klass base: 0x0000000000000000, Narrow klass shift: 3
Compressed class space size: 1073741824 Address: 0x0000000100000000

Heap:
 garbage-first heap   total 131072K, used 19393K [0x0000000081400000, 0x0000000100000000)
  region size 1024K, 11 young (11264K), 2 survivors (2048K)
 Metaspace       used 24856K, capacity 25459K, committed 25776K, reserved 1073152K
  class space    used 2739K, capacity 2970K, committed 2992K, reserved 1048576K
Heap Regions: E=young(eden), S=young(survivor), O=old, HS=humongous(starts), HC=humongous(continues), CS=collection set, F=free, A=archive, TS=gc time stamp, AC=allocation context, TAMS=top-at-mark-start (previous, next)
|   0|0x0000000081400000, 0x0000000081500000, 0x0000000081500000|100%|HS|  |TS  0|AC  0|TAMS 0x0000000081500000, 0x0000000081500000|
|   1|0x0000000081500000, 0x0000000081600000, 0x0000000081600000|100%| O|  |TS  0|AC  0|TAMS 0x0000000081600000, 0x0000000081600000|
|   2|0x0000000081600000, 0x0000000081700000, 0x0000000081700000|100%| O|  |TS  0|AC  0|TAMS 0x0000000081700000, 0x0000000081700000|
|   3|0x0000000081700000, 0x0000000081800000, 0x0000000081800000|100%| O|  |TS  0|AC  0|TAMS 0x0000000081800000, 0x0000000081800000|
|   4|0x0000000081800000, 0x0000000081900000, 0x0000000081900000|100%| O|  |TS  0|AC  0|TAMS 0x0000000081900000, 0x0000000081900000|
|   5|0x0000000081900000, 0x0000000081a00000, 0x0000000081a00000|100%| O|  |TS  0|AC  0|TAMS 0x0000000081a00000, 0x0000000081a00000|
|   6|0x0000000081a00000, 0x0000000081b00000, 0x0000000081b00000|100%| O|  |TS  1|AC  0|TAMS 0x0000000081a0c200, 0x0000000081a0c200|
|   7|0x0000000081b00000, 0x0000000081c00000, 0x0000000081c00000|100%| O|  |TS  1|AC  0|TAMS 0x0000000081b00000, 0x0000000081b00000|
|   8|0x0000000081c00000, 0x0000000081d00000, 0x0000000081d00000|100%| O|  |TS  1|AC  0|TAMS 0x0000000081c00000, 0x0000000081c00000|
|   9|0x0000000081d00000, 0x0000000081de3000, 0x0000000081e00000| 88%| O|  |TS  1|AC  0|TAMS 0x0000000081d00000, 0x0000000081d00000|
|  10|0x0000000081e00000, 0x0000000081e00000, 0x0000000081f00000|  0%| F|  |TS  0|AC  0|TAMS 0x0000000081e00000, 0x0000000081e00000|
|  11|0x0000000081f00000, 0x0000000081f00000, 0x0000000082000000|  0%| F|  |TS  0|AC  0|TAMS 0x0000000081f00000, 0x0000000081f00000|
|  12|0x0000000082000000, 0x0000000082000000, 0x0000000082100000|  0%| F|  |TS  0|AC  0|TAMS 0x0000000082000000, 0x0000000082000000|
|  13|0x0000000082100000, 0x0000000082100000, 0x0000000082200000|  0%| F|  |TS  0|AC  0|TAMS 0x0000000082100000, 0x0000000082100000|
|  14|0x0000000082200000, 0x0000000082200000, 0x0000000082300000|  0%| F|  |TS  0|AC  0|TAMS 0x0000000082200000, 0x0000000082200000|
|  15|0x0000000082300000, 0x0000000082300000, 0x0000000082400000|  0%| F|  |TS  0|AC  0|TAMS 0x0000000082300000, 0x0000000082300000|
|  16|0x0000000082400000, 0x0000000082400000, 0x0000000082500000|  0%| F|  |TS  0|AC  0|TAMS 0x0000000082400000, 0x0000000082400000|
|  17|0x0000000082500000, 0x0000000082500000, 0x0000000082600000|  0%| F|  |TS  0|AC  0|TAMS 0x0000000082500000, 0x0000000082500000|
|  18|0x0000000082600000, 0x0000000082600000, 0x0000000082700000|  0%| F|  |TS  0|AC  0|TAMS 0x0000000082600000, 0x0000000082600000|
|  19|0x0000000082700000, 0x0000000082700000, 0x0000000082800000|  0%| F|  |TS  0|AC  0|TAMS 0x0000000082700000, 0x0000000082700000|
|  20|0x0000000082800000, 0x0000000082800000, 0x0000000082900000|  0%| F|  |TS  0|AC  0|TAMS 0x0000000082800000, 0x0000000082800000|
|  21|0x0000000082900000, 0x0000000082900000, 0x0000000082a00000|  0%| F|  |TS  0|AC  0|TAMS 0x0000000082900000, 0x0000000082900000|
|  22|0x0000000082a00000, 0x0000000082a00000, 0x0000000082b00000|  0%| F|  |TS  0|AC  0|TAMS 0x0000000082a00000, 0x0000000082a00000|
|  23|0x0000000082b00000, 0x0000000082b00000, 0x0000000082c00000|  0%| F|  |TS  0|AC  0|TAMS 0x0000000082b00000, 0x0000000082b00000|
|  24|0x0000000082c00000, 0x0000000082c00000, 0x0000000082d00000|  0%| F|  |TS  0|AC  0|TAMS 0x0000000082c00000, 0x0000000082c00000|
|  25|0x0000000082d00000, 0x0000000082d00000, 0x0000000082e00000|  0%| F|  |TS  0|AC  0|TAMS 0x0000000082d00000, 0x0000000082d00000|
|  26|0x0000000082e00000, 0x0000000082e00000, 0x0000000082f00000|  0%| F|  |TS  0|AC  0|TAMS 0x0000000082e00000, 0x0000000082e00000|
|  27|0x0000000082f00000, 0x0000000082f00000, 0x0000000083000000|  0%| F|  |TS  0|AC  0|TAMS 0x0000000082f00000, 0x0000000082f00000|
|  28|0x0000000083000000, 0x0000000083000000, 0x0000000083100000|  0%| F|  |TS  0|AC  0|TAMS 0x0000000083000000, 0x0000000083000000|
|  29|0x0000000083100000, 0x0000000083100000, 0x0000000083200000|  0%| F|  |TS  0|AC  0|TAMS 0x0000000083100000, 0x0000000083100000|
|  30|0x0000000083200000, 0x0000000083200000, 0x0000000083300000|  0%| F|  |TS  0|AC  0|TAMS 0x0000000083200000, 0x0000000083200000|
|  31|0x0000000083300000, 0x0000000083300000, 0x0000000083400000|  0%| F|  |TS  0|AC  0|TAMS 0x0000000083300000, 0x0000000083300000|
|  32|0x0000000083400000, 0x0000000083400000, 0x0000000083500000|  0%| F|  |TS  0|AC  0|TAMS 0x0000000083400000, 0x0000000083400000|
|  33|0x0000000083500000, 0x0000000083500000, 0x0000000083600000|  0%| F|  |TS  0|AC  0|TAMS 0x0000000083500000, 0x0000000083500000|
|  34|0x0000000083600000, 0x0000000083600000, 0x0000000083700000|  0%| F|  |TS  0|AC  0|TAMS 0x0000000083600000, 0x0000000083600000|
|  35|0x0000000083700000, 0x0000000083700000, 0x0000000083800000|  0%| F|  |TS  0|AC  0|TAMS 0x0000000083700000, 0x0000000083700000|
|  36|0x0000000083800000, 0x0000000083800000, 0x0000000083900000|  0%| F|  |TS  0|AC  0|TAMS 0x0000000083800000, 0x0000000083800000|
|  37|0x0000000083900000, 0x0000000083900000, 0x0000000083a00000|  0%| F|  |TS  0|AC  0|TAMS 0x0000000083900000, 0x0000000083900000|
|  38|0x0000000083a00000, 0x0000000083a00000, 0x0000000083b00000|  0%| F|  |TS  0|AC  0|TAMS 0x0000000083a00000, 0x0000000083a00000|
|  39|0x0000000083b00000, 0x0000000083b00000, 0x0000000083c00000|  0%| F|  |TS  0|AC  0|TAMS 0x0000000083b00000, 0x0000000083b00000|
|  40|0x0000000083c00000, 0x0000000083c00000, 0x0000000083d00000|  0%| F|  |TS  0|AC  0|TAMS 0x0000000083c00000, 0x0000000083c00000|
|  41|0x0000000083d00000, 0x0000000083d00000, 0x0000000083e00000|  0%| F|  |TS  0|AC  0|TAMS 0x0000000083d00000, 0x0000000083d00000|
|  42|0x0000000083e00000, 0x0000000083e00000, 0x0000000083f00000|  0%| F|  |TS  0|AC  0|TAMS 0x0000000083e00000, 0x0000000083e00000|
|  43|0x0000000083f00000, 0x0000000083f00000, 0x0000000084000000|  0%| F|  |TS  0|AC  0|TAMS 0x0000000083f00000, 0x0000000083f00000|
|  44|0x0000000084000000, 0x0000000084000000, 0x0000000084100000|  0%| F|  |TS  0|AC  0|TAMS 0x0000000084000000, 0x0000000084000000|
|  45|0x0000000084100000, 0x0000000084100000, 0x0000000084200000|  0%| F|  |TS  0|AC  0|TAMS 0x0000000084100000, 0x0000000084100000|
|  46|0x0000000084200000, 0x0000000084200000, 0x0000000084300000|  0%| F|  |TS  0|AC  0|TAMS 0x0000000084200000, 0x0000000084200000|
|  47|0x0000000084300000, 0x0000000084300000, 0x0000000084400000|  0%| F|  |TS  0|AC  0|TAMS 0x0000000084300000, 0x0000000084300000|
|  48|0x0000000084400000, 0x0000000084400000, 0x0000000084500000|  0%| F|  |TS  0|AC  0|TAMS 0x0000000084400000, 0x0000000084400000|
|  49|0x0000000084500000, 0x0000000084500000, 0x0000000084600000|  0%| F|  |TS  0|AC  0|TAMS 0x0000000084500000, 0x0000000084500000|
|  50|0x0000000084600000, 0x0000000084600000, 0x0000000084700000|  0%| F|  |TS  0|AC  0|TAMS 0x0000000084600000, 0x0000000084600000|
|  51|0x0000000084700000, 0x0000000084700000, 0x0000000084800000|  0%| F|  |TS  0|AC  0|TAMS 0x0000000084700000, 0x0000000084700000|
|  52|0x0000000084800000, 0x0000000084800000, 0x0000000084900000|  0%| F|  |TS  0|AC  0|TAMS 0x0000000084800000, 0x0000000084800000|
|  53|0x0000000084900000, 0x0000000084900000, 0x0000000084a00000|  0%| F|  |TS  0|AC  0|TAMS 0x0000000084900000, 0x0000000084900000|
|  54|0x0000000084a00000, 0x0000000084a00000, 0x0000000084b00000|  0%| F|  |TS  0|AC  0|TAMS 0x0000000084a00000, 0x0000000084a00000|
|  55|0x0000000084b00000, 0x0000000084b00000, 0x0000000084c00000|  0%| F|  |TS  0|AC  0|TAMS 0x0000000084b00000, 0x0000000084b00000|
|  56|0x0000000084c00000, 0x0000000084c00000, 0x0000000084d00000|  0%| F|  |TS  0|AC  0|TAMS 0x0000000084c00000, 0x0000000084c00000|
|  57|0x0000000084d00000, 0x0000000084d00000, 0x0000000084e00000|  0%| F|  |TS  0|AC  0|TAMS 0x0000000084d00000, 0x0000000084d00000|
|  58|0x0000000084e00000, 0x0000000084e00000, 0x0000000084f00000|  0%| F|  |TS  0|AC  0|TAMS 0x0000000084e00000, 0x0000000084e00000|
|  59|0x0000000084f00000, 0x0000000084f00000, 0x0000000085000000|  0%| F|  |TS  0|AC  0|TAMS 0x0000000084f00000, 0x0000000084f00000|
|  60|0x0000000085000000, 0x0000000085000000, 0x0000000085100000|  0%| F|  |TS  0|AC  0|TAMS 0x0000000085000000, 0x0000000085000000|
|  61|0x0000000085100000, 0x0000000085100000, 0x0000000085200000|  0%| F|  |TS  0|AC  0|TAMS 0x0000000085100000, 0x0000000085100000|
|  62|0x0000000085200000, 0x0000000085200000, 0x0000000085300000|  0%| F|  |TS  0|AC  0|TAMS 0x0000000085200000, 0x0000000085200000|
|  63|0x0000000085300000, 0x0000000085300000, 0x0000000085400000|  0%| F|  |TS  0|AC  0|TAMS 0x0000000085300000, 0x0000000085300000|
|  64|0x0000000085400000, 0x0000000085400000, 0x0000000085500000|  0%| F|  |TS  0|AC  0|TAMS 0x0000000085400000, 0x0000000085400000|
|  65|0x0000000085500000, 0x0000000085500000, 0x0000000085600000|  0%| F|  |TS  0|AC  0|TAMS 0x0000000085500000, 0x0000000085500000|
|  66|0x0000000085600000, 0x0000000085600000, 0x0000000085700000|  0%| F|  |TS  0|AC  0|TAMS 0x0000000085600000, 0x0000000085600000|
|  67|0x0000000085700000, 0x0000000085700000, 0x0000000085800000|  0%| F|  |TS  0|AC  0|TAMS 0x0000000085700000, 0x0000000085700000|
|  68|0x0000000085800000, 0x0000000085800000, 0x0000000085900000|  0%| F|  |TS  0|AC  0|TAMS 0x0000000085800000, 0x0000000085800000|
|  69|0x0000000085900000, 0x0000000085900000, 0x0000000085a00000|  0%| F|  |TS  0|AC  0|TAMS 0x0000000085900000, 0x0000000085900000|
|  70|0x0000000085a00000, 0x0000000085a00000, 0x0000000085b00000|  0%| F|  |TS  0|AC  0|TAMS 0x0000000085a00000, 0x0000000085a00000|
|  71|0x0000000085b00000, 0x0000000085b00000, 0x0000000085c00000|  0%| F|  |TS  0|AC  0|TAMS 0x0000000085b00000, 0x0000000085b00000|
|  72|0x0000000085c00000, 0x0000000085c00000, 0x0000000085d00000|  0%| F|  |TS  0|AC  0|TAMS 0x0000000085c00000, 0x0000000085c00000|
|  73|0x0000000085d00000, 0x0000000085d00000, 0x0000000085e00000|  0%| F|  |TS  0|AC  0|TAMS 0x0000000085d00000, 0x0000000085d00000|
|  74|0x0000000085e00000, 0x0000000085e00000, 0x0000000085f00000|  0%| F|  |TS  0|AC  0|TAMS 0x0000000085e00000, 0x0000000085e00000|
|  75|0x0000000085f00000, 0x0000000085f00000, 0x0000000086000000|  0%| F|  |TS  0|AC  0|TAMS 0x0000000085f00000, 0x0000000085f00000|
|  76|0x0000000086000000, 0x0000000086000000, 0x0000000086100000|  0%| F|  |TS  0|AC  0|TAMS 0x0000000086000000, 0x0000000086000000|
|  77|0x0000000086100000, 0x0000000086100000, 0x0000000086200000|  0%| F|  |TS  0|AC  0|TAMS 0x0000000086100000, 0x0000000086100000|
|  78|0x0000000086200000, 0x0000000086200000, 0x0000000086300000|  0%| F|  |TS  0|AC  0|TAMS 0x0000000086200000, 0x0000000086200000|
|  79|0x0000000086300000, 0x0000000086300000, 0x0000000086400000|  0%| F|  |TS  0|AC  0|TAMS 0x0000000086300000, 0x0000000086300000|
|  80|0x0000000086400000, 0x0000000086400000, 0x0000000086500000|  0%| F|  |TS  0|AC  0|TAMS 0x0000000086400000, 0x0000000086400000|
|  81|0x0000000086500000, 0x0000000086500000, 0x0000000086600000|  0%| F|  |TS  0|AC  0|TAMS 0x0000000086500000, 0x0000000086500000|
|  82|0x0000000086600000, 0x0000000086600000, 0x0000000086700000|  0%| F|  |TS  0|AC  0|TAMS 0x0000000086600000, 0x0000000086600000|
|  83|0x0000000086700000, 0x0000000086700000, 0x0000000086800000|  0%| F|  |TS  0|AC  0|TAMS 0x0000000086700000, 0x0000000086700000|
|  84|0x0000000086800000, 0x0000000086800000, 0x0000000086900000|  0%| F|  |TS  0|AC  0|TAMS 0x0000000086800000, 0x0000000086800000|
|  85|0x0000000086900000, 0x0000000086900000, 0x0000000086a00000|  0%| F|  |TS  0|AC  0|TAMS 0x0000000086900000, 0x0000000086900000|
|  86|0x0000000086a00000, 0x0000000086a0d520, 0x0000000086b00000|  5%| S|CS|TS  1|AC  0|TAMS 0x0000000086a00000, 0x0000000086a00000|
|  87|0x0000000086b00000, 0x0000000086c00000, 0x0000000086c00000|100%| S|CS|TS  1|AC  0|TAMS 0x0000000086b00000, 0x0000000086b00000|
|  88|0x0000000086c00000, 0x0000000086c00000, 0x0000000086d00000|  0%| F|  |TS  1|AC  0|TAMS 0x0000000086c00000, 0x0000000086c00000|
|  89|0x0000000086d00000, 0x0000000086d00000, 0x0000000086e00000|  0%| F|  |TS  1|AC  0|TAMS 0x0000000086d00000, 0x0000000086d00000|
|  90|0x0000000086e00000, 0x0000000086e00000, 0x0000000086f00000|  0%| F|  |TS  1|AC  0|TAMS 0x0000000086e00000, 0x0000000086e00000|
|  91|0x0000000086f00000, 0x0000000086f00000, 0x0000000087000000|  0%| F|  |TS  1|AC  0|TAMS 0x0000000086f00000, 0x0000000086f00000|
|  92|0x0000000087000000, 0x0000000087000000, 0x0000000087100000|  0%| F|  |TS  1|AC  0|TAMS 0x0000000087000000, 0x0000000087000000|
|  93|0x0000000087100000, 0x0000000087100000, 0x0000000087200000|  0%| F|  |TS  1|AC  0|TAMS 0x0000000087100000, 0x0000000087100000|
|  94|0x0000000087200000, 0x0000000087200000, 0x0000000087300000|  0%| F|  |TS  1|AC  0|TAMS 0x0000000087200000, 0x0000000087200000|
|  95|0x0000000087300000, 0x0000000087300000, 0x0000000087400000|  0%| F|  |TS  1|AC  0|TAMS 0x0000000087300000, 0x0000000087300000|
|  96|0x0000000087400000, 0x0000000087400000, 0x0000000087500000|  0%| F|  |TS  1|AC  0|TAMS 0x0000000087400000, 0x0000000087400000|
|  97|0x0000000087500000, 0x0000000087500000, 0x0000000087600000|  0%| F|  |TS  1|AC  0|TAMS 0x0000000087500000, 0x0000000087500000|
|  98|0x0000000087600000, 0x0000000087600000, 0x0000000087700000|  0%| F|  |TS  1|AC  0|TAMS 0x0000000087600000, 0x0000000087600000|
|  99|0x0000000087700000, 0x0000000087700000, 0x0000000087800000|  0%| F|  |TS  1|AC  0|TAMS 0x0000000087700000, 0x0000000087700000|
| 100|0x0000000087800000, 0x0000000087800000, 0x0000000087900000|  0%| F|  |TS  1|AC  0|TAMS 0x0000000087800000, 0x0000000087800000|
| 101|0x0000000087900000, 0x0000000087900000, 0x0000000087a00000|  0%| F|  |TS  1|AC  0|TAMS 0x0000000087900000, 0x0000000087900000|
| 102|0x0000000087a00000, 0x0000000087a00000, 0x0000000087b00000|  0%| F|  |TS  1|AC  0|TAMS 0x0000000087a00000, 0x0000000087a00000|
| 103|0x0000000087b00000, 0x0000000087b00000, 0x0000000087c00000|  0%| F|  |TS  1|AC  0|TAMS 0x0000000087b00000, 0x0000000087b00000|
| 104|0x0000000087c00000, 0x0000000087c00000, 0x0000000087d00000|  0%| F|  |TS  1|AC  0|TAMS 0x0000000087c00000, 0x0000000087c00000|
| 105|0x0000000087d00000, 0x0000000087d00000, 0x0000000087e00000|  0%| F|  |TS  1|AC  0|TAMS 0x0000000087d00000, 0x0000000087d00000|
| 106|0x0000000087e00000, 0x0000000087e00000, 0x0000000087f00000|  0%| F|  |TS  1|AC  0|TAMS 0x0000000087e00000, 0x0000000087e00000|
| 107|0x0000000087f00000, 0x0000000087f00000, 0x0000000088000000|  0%| F|  |TS  1|AC  0|TAMS 0x0000000087f00000, 0x0000000087f00000|
| 108|0x0000000088000000, 0x0000000088000000, 0x0000000088100000|  0%| F|  |TS  1|AC  0|TAMS 0x0000000088000000, 0x0000000088000000|
| 109|0x0000000088100000, 0x0000000088100000, 0x0000000088200000|  0%| F|  |TS  1|AC  0|TAMS 0x0000000088100000, 0x0000000088100000|
| 110|0x0000000088200000, 0x0000000088200000, 0x0000000088300000|  0%| F|  |TS  1|AC  0|TAMS 0x0000000088200000, 0x0000000088200000|
| 111|0x0000000088300000, 0x0000000088300000, 0x0000000088400000|  0%| F|  |TS  1|AC  0|TAMS 0x0000000088300000, 0x0000000088300000|
| 112|0x0000000088400000, 0x0000000088400000, 0x0000000088500000|  0%| F|  |TS  1|AC  0|TAMS 0x0000000088400000, 0x0000000088400000|
| 113|0x0000000088500000, 0x0000000088500000, 0x0000000088600000|  0%| F|  |TS  1|AC  0|TAMS 0x0000000088500000, 0x0000000088500000|
| 114|0x0000000088600000, 0x0000000088600000, 0x0000000088700000|  0%| F|  |TS  1|AC  0|TAMS 0x0000000088600000, 0x0000000088600000|
| 115|0x0000000088700000, 0x0000000088700000, 0x0000000088800000|  0%| F|  |TS  1|AC  0|TAMS 0x0000000088700000, 0x0000000088700000|
| 116|0x0000000088800000, 0x0000000088800000, 0x0000000088900000|  0%| F|  |TS  1|AC  0|TAMS 0x0000000088800000, 0x0000000088800000|
| 117|0x0000000088900000, 0x0000000088900000, 0x0000000088a00000|  0%| F|  |TS  1|AC  0|TAMS 0x0000000088900000, 0x0000000088900000|
| 118|0x0000000088a00000, 0x0000000088a00000, 0x0000000088b00000|  0%| F|  |TS  1|AC  0|TAMS 0x0000000088a00000, 0x0000000088a00000|
| 119|0x0000000088b00000, 0x0000000088b53ba8, 0x0000000088c00000| 32%| E|  |TS  1|AC  0|TAMS 0x0000000088b00000, 0x0000000088b00000|
| 120|0x0000000088c00000, 0x0000000088d00000, 0x0000000088d00000|100%| E|CS|TS  1|AC  0|TAMS 0x0000000088c00000, 0x0000000088c00000|
| 121|0x0000000088d00000, 0x0000000088e00000, 0x0000000088e00000|100%| E|CS|TS  1|AC  0|TAMS 0x0000000088d00000, 0x0000000088d00000|
| 122|0x0000000088e00000, 0x0000000088f00000, 0x0000000088f00000|100%| E|CS|TS  1|AC  0|TAMS 0x0000000088e00000, 0x0000000088e00000|
| 123|0x0000000088f00000, 0x0000000089000000, 0x0000000089000000|100%| E|CS|TS  1|AC  0|TAMS 0x0000000088f00000, 0x0000000088f00000|
| 124|0x0000000089000000, 0x0000000089100000, 0x0000000089100000|100%| E|CS|TS  1|AC  0|TAMS 0x0000000089000000, 0x0000000089000000|
| 125|0x0000000089100000, 0x0000000089200000, 0x0000000089200000|100%| E|CS|TS  1|AC  0|TAMS 0x0000000089100000, 0x0000000089100000|
| 126|0x0000000089200000, 0x0000000089300000, 0x0000000089300000|100%| E|CS|TS  1|AC  0|TAMS 0x0000000089200000, 0x0000000089200000|
| 127|0x0000000089300000, 0x0000000089400000, 0x0000000089400000|100%| E|CS|TS  1|AC  0|TAMS 0x0000000089300000, 0x0000000089300000|

Card table byte_map: [0x000000c12a850000,0x000000c12ac50000] byte_map_base: 0x000000c12a446000

Marking Bits (Prev, Next): (CMBitMap*) 0x000000c1132eb6e8, (CMBitMap*) 0x000000c1132eb6b0
 Prev Bits: [0x000000c12d000000, 0x000000c12efb0000)
 Next Bits: [0x000000c12b050000, 0x000000c12d000000)

Polling page: 0x000000c111460000

CodeHeap 'non-profiled nmethods': size=120064Kb used=1314Kb max_used=1314Kb free=118750Kb
 bounds [0x000000c1224e0000, 0x000000c122750000, 0x000000c129a20000]
CodeHeap 'profiled nmethods': size=120000Kb used=6500Kb max_used=6500Kb free=113499Kb
 bounds [0x000000c11afb0000, 0x000000c11b610000, 0x000000c1224e0000]
CodeHeap 'non-nmethods': size=5696Kb used=1246Kb max_used=1296Kb free=4449Kb
 bounds [0x000000c11aa20000, 0x000000c11ac90000, 0x000000c11afb0000]
 total_blobs=4480 nmethods=3074 adapters=422
 compilation: enabled

Compilation events (10 events):
Event: 254.629 Thread 0x000000c131820000 3286       4       com.google.common.collect.Iterators$9::hasNext (13 bytes)
Event: 254.630 Thread 0x000000c131820000 nmethod 3286 0x000000c122628310 code [0x000000c1226284a0, 0x000000c1226284f8]
Event: 255.158 Thread 0x000000c13182b000 3287       4       com.google.common.collect.AbstractIndexedListIterator::hasNext (17 bytes)
Event: 255.158 Thread 0x000000c131839000 3288       3       java.nio.Buffer::flip (20 bytes)
Event: 255.159 Thread 0x000000c13182b000 nmethod 3287 0x000000c122628590 code [0x000000c122628720, 0x000000c122628798]
Event: 255.159 Thread 0x000000c131839000 nmethod 3288 0x000000c11b60b890 code [0x000000c11b60ba40, 0x000000c11b60bbb8]
Event: 255.207 Thread 0x000000c131839000 3289       3       java.nio.ByteBuffer::flip (7 bytes)
Event: 255.207 Thread 0x000000c131839000 nmethod 3289 0x000000c11b60bc90 code [0x000000c11b60be40, 0x000000c11b60c018]
Event: 255.350 Thread 0x000000c131820000 3290  s    4       java.lang.StringBuffer::append (13 bytes)
Event: 255.353 Thread 0x000000c131820000 nmethod 3290 0x000000c122628810 code [0x000000c1226289c0, 0x000000c122628d08]

GC Heap History (8 events):
Event: 1.210 GC heap before
{Heap before GC invocations=0 (full 0):
 garbage-first heap   total 131072K, used 15360K [0x0000000081400000, 0x0000000100000000)
  region size 1024K, 14 young (14336K), 0 survivors (0K)
 Metaspace       used 9360K, capacity 9502K, committed 9728K, reserved 1058816K
  class space    used 950K, capacity 1024K, committed 1024K, reserved 1048576K
}
Event: 1.215 GC heap after
{Heap after GC invocations=1 (full 0):
 garbage-first heap   total 131072K, used 6184K [0x0000000081400000, 0x0000000100000000)
  region size 1024K, 2 young (2048K), 2 survivors (2048K)
 Metaspace       used 9360K, capacity 9502K, committed 9728K, reserved 1058816K
  class space    used 950K, capacity 1024K, committed 1024K, reserved 1048576K
}
Event: 1.547 GC heap before
{Heap before GC invocations=1 (full 0):
 garbage-first heap   total 131072K, used 15400K [0x0000000081400000, 0x0000000100000000)
  region size 1024K, 11 young (11264K), 2 survivors (2048K)
 Metaspace       used 12354K, capacity 12489K, committed 12672K, reserved 1060864K
  class space    used 1303K, capacity 1357K, committed 1408K, reserved 1048576K
}
Event: 1.551 GC heap after
{Heap after GC invocations=2 (full 0):
 garbage-first heap   total 131072K, used 6869K [0x0000000081400000, 0x0000000100000000)
  region size 1024K, 1 young (1024K), 1 survivors (1024K)
 Metaspace       used 12354K, capacity 12489K, committed 12672K, reserved 1060864K
  class space    used 1303K, capacity 1357K, committed 1408K, reserved 1048576K
}
Event: 2.903 GC heap before
{Heap before GC invocations=2 (full 0):
 garbage-first heap   total 131072K, used 33493K [0x0000000081400000, 0x0000000100000000)
  region size 1024K, 28 young (28672K), 1 survivors (1024K)
 Metaspace       used 20637K, capacity 21126K, committed 21296K, reserved 1069056K
  class space    used 2343K, capacity 2566K, committed 2608K, reserved 1048576K
}
Event: 2.911 GC heap after
{Heap after GC invocations=3 (full 0):
 garbage-first heap   total 131072K, used 10288K [0x0000000081400000, 0x0000000100000000)
  region size 1024K, 4 young (4096K), 4 survivors (4096K)
 Metaspace       used 20637K, capacity 21126K, committed 21296K, reserved 1069056K
  class space    used 2343K, capacity 2566K, committed 2608K, reserved 1048576K
}
Event: 165.862 GC heap before
{Heap before GC invocations=4 (full 0):
 garbage-first heap   total 131072K, used 47152K [0x0000000081400000, 0x0000000100000000)
  region size 1024K, 40 young (40960K), 4 survivors (4096K)
 Metaspace       used 24390K, capacity 24961K, committed 25264K, reserved 1071104K
  class space    used 2715K, capacity 2934K, committed 2992K, reserved 1048576K
}
Event: 165.871 GC heap after
{Heap after GC invocations=5 (full 0):
 garbage-first heap   total 131072K, used 11201K [0x0000000081400000, 0x0000000100000000)
  region size 1024K, 2 young (2048K), 2 survivors (2048K)
 Metaspace       used 24390K, capacity 24961K, committed 25264K, reserved 1071104K
  class space    used 2715K, capacity 2934K, committed 2992K, reserved 1048576K
}

Deoptimization events (10 events):
Event: 7.084 Thread 0x000000c113261000 Uncommon trap: reason=class_check action=maybe_recompile pc=0x000000c1225a376c method=org.openqa.selenium.json.Input.init()V @ 18 c2
Event: 7.084 Thread 0x000000c113261000 Uncommon trap: reason=class_check action=maybe_recompile pc=0x000000c1225a376c method=org.openqa.selenium.json.Input.init()V @ 18 c2
Event: 28.270 Thread 0x000000c113261000 Uncommon trap: reason=unstable_if action=reinterpret pc=0x000000c1225a2cbc method=java.nio.Buffer.position(I)Ljava/nio/Buffer; @ 45 c2
Event: 39.639 Thread 0x000000c113261000 Uncommon trap: reason=class_check action=maybe_recompile pc=0x000000c122559fd8 method=java.util.concurrent.ConcurrentHashMap.putVal(Ljava/lang/Object;Ljava/lang/Object;Z)Ljava/lang/Object; @ 242 c2
Event: 191.448 Thread 0x000000c113261000 Uncommon trap: reason=unstable_if action=reinterpret pc=0x000000c1224ea2dc method=java.lang.StringLatin1.canEncode(I)Z @ 4 c2
Event: 191.448 Thread 0x000000c113261000 Uncommon trap: reason=unstable_if action=reinterpret pc=0x000000c1224e20fc method=java.lang.String.isLatin1()Z @ 10 c2
Event: 191.454 Thread 0x000000c113261000 Uncommon trap: reason=unstable_if action=reinterpret pc=0x000000c1225ee9e8 method=java.lang.AbstractStringBuilder.putStringAt(ILjava/lang/String;)V @ 8 c2
Event: 191.454 Thread 0x000000c113261000 Uncommon trap: reason=unstable_if action=reinterpret pc=0x000000c122567774 method=java.lang.AbstractStringBuilder.putStringAt(ILjava/lang/String;)V @ 8 c2
Event: 191.454 Thread 0x000000c113261000 Uncommon trap: reason=unstable_if action=reinterpret pc=0x000000c12254aff4 method=java.lang.String.getBytes([BIB)V @ 5 c2
Event: 191.454 Thread 0x000000c113261000 Uncommon trap: reason=unstable_if action=reinterpret pc=0x000000c12252c34c method=java.lang.StringCoding.encodeUTF8(B[BZ)[B @ 2 c2

Classes redefined (9 events):
Event: 92.608 Thread 0x000000c1317ff000 redefined class name=TestCases.CreateUserTest, count=1
Event: 359.876 Thread 0x000000c1317ff000 redefined class name=TestCases.CreateUserTest, count=2
Event: 364.929 Thread 0x000000c1317ff000 redefined class name=TestCases.CreateUserTest, count=3
Event: 478.006 Thread 0x000000c1317ff000 redefined class name=PageObjects.LoginPage, count=1
Event: 535.813 Thread 0x000000c1317ff000 redefined class name=PageObjects.LoginPage, count=2
Event: 635.755 Thread 0x000000c1317ff000 redefined class name=TestCases.CreateUserTest, count=4
Event: 900.540 Thread 0x000000c1317ff000 redefined class name=TestCases.CreateUserTest, count=5
Event: 991.206 Thread 0x000000c1317ff000 redefined class name=TestCases.CreateUserTest, count=6
Event: 1008.175 Thread 0x000000c1317ff000 redefined class name=TestCases.CreateUserTest, count=7

Internal exceptions (10 events):
Event: 255.133 Thread 0x000000c113261000 Exception <a 'java/net/SocketTimeoutException'{0x0000000088c402b0}: Read timed out> (0x0000000088c402b0) thrown at [t:/workspace/open/src/hotspot/share/prims/jni.cpp, line 632]
Event: 255.156 Thread 0x000000c113261000 Exception <a 'java/net/SocketTimeoutException'{0x0000000088c51fe0}: Read timed out> (0x0000000088c51fe0) thrown at [t:/workspace/open/src/hotspot/share/prims/jni.cpp, line 632]
Event: 255.160 Thread 0x000000c113261000 Exception <a 'java/net/SocketTimeoutException'{0x0000000088c642a0}: Read timed out> (0x0000000088c642a0) thrown at [t:/workspace/open/src/hotspot/share/prims/jni.cpp, line 632]
Event: 255.175 Thread 0x000000c113261000 Exception <a 'java/net/SocketTimeoutException'{0x0000000088c76b30}: Read timed out> (0x0000000088c76b30) thrown at [t:/workspace/open/src/hotspot/share/prims/jni.cpp, line 632]
Event: 255.208 Thread 0x000000c113261000 Exception <a 'java/net/SocketTimeoutException'{0x0000000088c94400}: Read timed out> (0x0000000088c94400) thrown at [t:/workspace/open/src/hotspot/share/prims/jni.cpp, line 632]
Event: 255.211 Thread 0x000000c113261000 Exception <a 'java/net/SocketTimeoutException'{0x0000000088ca4c08}: Read timed out> (0x0000000088ca4c08) thrown at [t:/workspace/open/src/hotspot/share/prims/jni.cpp, line 632]
Event: 255.221 Thread 0x000000c113261000 Exception <a 'java/net/SocketTimeoutException'{0x0000000088cbbab8}: Read timed out> (0x0000000088cbbab8) thrown at [t:/workspace/open/src/hotspot/share/prims/jni.cpp, line 632]
Event: 255.227 Thread 0x000000c113261000 Exception <a 'java/net/SocketTimeoutException'{0x0000000088ccc2c8}: Read timed out> (0x0000000088ccc2c8) thrown at [t:/workspace/open/src/hotspot/share/prims/jni.cpp, line 632]
Event: 255.237 Thread 0x000000c113261000 Exception <a 'java/net/SocketTimeoutException'{0x0000000088cddc38}: Read timed out> (0x0000000088cddc38) thrown at [t:/workspace/open/src/hotspot/share/prims/jni.cpp, line 632]
Event: 255.260 Thread 0x000000c113261000 Exception <a 'java/net/SocketTimeoutException'{0x0000000088cefc20}: Read timed out> (0x0000000088cefc20) thrown at [t:/workspace/open/src/hotspot/share/prims/jni.cpp, line 632]

Events (10 events):
Event: 1008.192 Executing VM operation: GetFrameLocation done
Event: 1008.203 Executing VM operation: GetFrameCount
Event: 1008.203 Executing VM operation: GetFrameCount done
Event: 1008.203 Executing VM operation: GetOwnedMonitorInfo
Event: 1008.203 Executing VM operation: GetOwnedMonitorInfo done
Event: 1008.203 Executing VM operation: GetCurrentContendedMonitor
Event: 1008.203 Executing VM operation: GetCurrentContendedMonitor done
Event: 1008.205 Executing VM operation: GetFrameLocation
Event: 1008.205 Executing VM operation: GetFrameLocation done
Event: 1008.205 Executing VM operation: GetOrSetLocal


Dynamic libraries:
0x00007ff696c00000 - 0x00007ff696c3e000 	C:\Program Files\Java\jre-10.0.1\bin\javaw.exe
0x00007ffe557c0000 - 0x00007ffe55982000 	C:\Windows\SYSTEM32\ntdll.dll
0x00007ffe55660000 - 0x00007ffe5570d000 	C:\Windows\system32\KERNEL32.DLL
0x00007ffe524c0000 - 0x00007ffe5269d000 	C:\Windows\system32\KERNELBASE.dll
0x00007ffe55710000 - 0x00007ffe557b6000 	C:\Windows\system32\ADVAPI32.dll
0x00007ffe53300000 - 0x00007ffe5339d000 	C:\Windows\system32\msvcrt.dll
0x00007ffe537e0000 - 0x00007ffe5383b000 	C:\Windows\system32\sechost.dll
0x00007ffe55530000 - 0x00007ffe55656000 	C:\Windows\system32\RPCRT4.dll
0x00007ffe533a0000 - 0x00007ffe534ee000 	C:\Windows\system32\USER32.dll
0x00007ffe53650000 - 0x00007ffe537d5000 	C:\Windows\system32\GDI32.dll
0x00007ffe44810000 - 0x00007ffe44a84000 	C:\Windows\WinSxS\amd64_microsoft.windows.common-controls_6595b64144ccf1df_6.0.10240.16384_none_f41f7b285750ef43\COMCTL32.dll
0x00007ffe4ba80000 - 0x00007ffe4ba8a000 	C:\Windows\SYSTEM32\VERSION.dll
0x00007ffe52ef0000 - 0x00007ffe52f26000 	C:\Windows\system32\IMM32.DLL
0x00007ffe534f0000 - 0x00007ffe5364c000 	C:\Windows\system32\MSCTF.dll
0x00007ffe2e430000 - 0x00007ffe2e51f000 	C:\Program Files\Java\jre-10.0.1\bin\msvcr120.dll
0x00007ffe2e380000 - 0x00007ffe2e426000 	C:\Program Files\Java\jre-10.0.1\bin\msvcp120.dll
0x000000005b9d0000 - 0x000000005c440000 	C:\Program Files\Java\jre-10.0.1\bin\server\jvm.dll
0x00007ffe530d0000 - 0x00007ffe530d8000 	C:\Windows\system32\PSAPI.DLL
0x00007ffe50860000 - 0x00007ffe50869000 	C:\Windows\SYSTEM32\WSOCK32.dll
0x00007ffe47720000 - 0x00007ffe47743000 	C:\Windows\SYSTEM32\WINMM.dll
0x00007ffe53060000 - 0x00007ffe530c9000 	C:\Windows\system32\WS2_32.dll
0x00007ffe53d40000 - 0x00007ffe53d48000 	C:\Windows\system32\NSI.dll
0x000000c111760000 - 0x000000c11178c000 	C:\Windows\SYSTEM32\WINMMBASE.dll
0x00007ffe52750000 - 0x00007ffe52794000 	C:\Windows\system32\cfgmgr32.dll
0x00007ffe50ac0000 - 0x00007ffe50ae7000 	C:\Windows\SYSTEM32\DEVOBJ.dll
0x00007ffe4f680000 - 0x00007ffe4f68f000 	C:\Program Files\Java\jre-10.0.1\bin\verify.dll
0x00007ffe3b370000 - 0x00007ffe3b4fa000 	C:\Windows\SYSTEM32\DBGHELP.DLL
0x00007ffe50870000 - 0x00007ffe50895000 	C:\Windows\SYSTEM32\dbgcore.DLL
0x00007ffe4a080000 - 0x00007ffe4a0a7000 	C:\Program Files\Java\jre-10.0.1\bin\java.dll
0x00007ffe46e90000 - 0x00007ffe46ec6000 	C:\Program Files\Java\jre-10.0.1\bin\jdwp.dll
0x00007ffe4f660000 - 0x00007ffe4f676000 	C:\Program Files\Java\jre-10.0.1\bin\zip.dll
0x00007ffe4a070000 - 0x00007ffe4a07a000 	C:\Program Files\Java\jre-10.0.1\bin\jimage.dll
0x00007ffe53fe0000 - 0x00007ffe55505000 	C:\Windows\system32\SHELL32.dll
0x00007ffe52860000 - 0x00007ffe52e88000 	C:\Windows\system32\windows.storage.dll
0x00007ffe53a10000 - 0x00007ffe53c8c000 	C:\Windows\system32\combase.dll
0x00007ffe52f30000 - 0x00007ffe52f81000 	C:\Windows\system32\shlwapi.dll
0x00007ffe52260000 - 0x00007ffe5226f000 	C:\Windows\system32\kernel.appcore.dll
0x00007ffe527a0000 - 0x00007ffe52853000 	C:\Windows\system32\shcore.dll
0x00007ffe521f0000 - 0x00007ffe5223a000 	C:\Windows\system32\powrprof.dll
0x00007ffe52240000 - 0x00007ffe52253000 	C:\Windows\system32\profapi.dll
0x00007ffe49550000 - 0x00007ffe4955a000 	C:\Program Files\Java\jre-10.0.1\bin\dt_socket.dll
0x00007ffe51a60000 - 0x00007ffe51abd000 	C:\Windows\System32\mswsock.dll
0x00007ffe51840000 - 0x00007ffe518e8000 	C:\Windows\SYSTEM32\DNSAPI.dll
0x00007ffe4db30000 - 0x00007ffe4db98000 	C:\Windows\System32\fwpuclnt.dll
0x00007ffe52120000 - 0x00007ffe52148000 	C:\Windows\SYSTEM32\bcrypt.dll
0x00007ffe4c4e0000 - 0x00007ffe4c4ea000 	C:\Windows\System32\rasadhlp.dll
0x00007ffe2f370000 - 0x00007ffe2f38a000 	C:\Program Files\Java\jre-10.0.1\bin\net.dll
0x00007ffe4ebd0000 - 0x00007ffe4eca6000 	C:\Windows\SYSTEM32\WINHTTP.dll
0x00007ffe2f350000 - 0x00007ffe2f361000 	C:\Program Files\Java\jre-10.0.1\bin\nio.dll
0x00007ffe51ac0000 - 0x00007ffe51ad7000 	C:\Windows\SYSTEM32\CRYPTSP.dll
0x00007ffe51710000 - 0x00007ffe51743000 	C:\Windows\system32\rsaenh.dll
0x00007ffe518f0000 - 0x00007ffe5190f000 	C:\Windows\SYSTEM32\USERENV.dll
0x00007ffe52010000 - 0x00007ffe5207b000 	C:\Windows\system32\bcryptprimitives.dll
0x00007ffe51c30000 - 0x00007ffe51c3b000 	C:\Windows\SYSTEM32\CRYPTBASE.dll
0x00007ffe4fd80000 - 0x00007ffe4fdb8000 	C:\Windows\SYSTEM32\IPHLPAPI.DLL
0x00007ffe4fce0000 - 0x00007ffe4fceb000 	C:\Windows\SYSTEM32\WINNSI.DLL
0x00007ffe4ef30000 - 0x00007ffe4ef46000 	C:\Windows\SYSTEM32\dhcpcsvc6.DLL
0x00007ffe4ef10000 - 0x00007ffe4ef2a000 	C:\Windows\SYSTEM32\dhcpcsvc.DLL
0x00007ffe42bf0000 - 0x00007ffe42bfb000 	C:\Program Files\Java\jre-10.0.1\bin\sunmscapi.dll
0x00007ffe522f0000 - 0x00007ffe524b1000 	C:\Windows\system32\CRYPT32.dll
0x00007ffe52270000 - 0x00007ffe52281000 	C:\Windows\system32\MSASN1.dll
0x00007ffe3c150000 - 0x00007ffe3c173000 	C:\Program Files\Java\jre-10.0.1\bin\sunec.dll
0x00007ffe49710000 - 0x00007ffe49725000 	C:\Windows\system32\napinsp.dll
0x00007ffe496f0000 - 0x00007ffe4970a000 	C:\Windows\system32\pnrpnsp.dll
0x00007ffe501e0000 - 0x00007ffe501f8000 	C:\Windows\system32\NLAapi.dll
0x00007ffe50850000 - 0x00007ffe5085d000 	C:\Windows\System32\winrnr.dll

dbghelp: loaded successfully - version: 4.0.5 - missing functions: none
symbol engine: initialized successfully - sym options: 0x614 - pdb path: .;C:\Program Files\Java\jre-10.0.1\bin;C:\Windows\SYSTEM32;C:\Windows\WinSxS\amd64_microsoft.windows.common-controls_6595b64144ccf1df_6.0.10240.16384_none_f41f7b285750ef43;C:\Program Files\Java\jre-10.0.1\bin\server

VM Arguments:
jvm_args: -agentlib:jdwp=transport=dt_socket,suspend=y,address=localhost:52818 -ea -Dfile.encoding=Cp1252 
java_command: org.testng.remote.RemoteTestNG -serport 52817 -protocol json -d F:\WS\SaferWatchNew\SaferWatchNew\test-output C:\Users\Admin\AppData\Local\Temp\testng-eclipse--2085546748\testng-customsuite.xml
java_class_path (initial): F:\ImpData\eclipse-java-luna-SR2-win32-x86_64\eclipse\configuration\org.eclipse.osgi\756\0\.cp\lib\testng-remote.jar;F:\WS\SaferWatchNew\SaferWatchNew\target\test-classes;F:\WS\SaferWatchNew\SaferWatchNew\target\classes;F:\ImpData\eclipse-java-luna-SR2-win32-x86_64\eclipse\plugins\org.junit_4.12.0.v201504281640\junit.jar;F:\ImpData\eclipse-java-luna-SR2-win32-x86_64\eclipse\plugins\org.hamcrest.core_1.3.0.v201303031735.jar;F:\ImpData\eclipse-java-luna-SR2-win32-x86_64\eclipse\plugins\org.testng_6.14.3.r201802240500.jar;F:\ImpData\eclipse-java-luna-SR2-win32-x86_64\eclipse\plugins\com.beust.jcommander_1.72.0.jar;F:\ImpData\eclipse-java-luna-SR2-win32-x86_64\eclipse\plugins\org.apache-extras.beanshell.bsh_2.0.0.b6.jar;F:\ImpData\eclipse-java-luna-SR2-win32-x86_64\eclipse\plugins\org.yaml.snakeyaml_1.17.0.jar;C:\Users\Admin\.m2\repository\org\seleniumhq\selenium\selenium-server\3.14.0\selenium-server-3.14.0.jar;C:\Users\Admin\.m2\repository\org\seleniumhq\selenium\selenium-api\3.14.0\selenium-api-3.14.0.jar;C:\Users\Admin\.m2\repository\org\seleniumhq\selenium\selenium-chrome-driver\3.14.0\selenium-chrome-driver-3.14.0.jar;C:\Users\Admin\.m2\repository\org\seleniumhq\selenium\selenium-edge-driver\3.14.0\selenium-edge-driver-3.14.0.jar;C:\Users\Admin\.m2\repository\org\seleniumhq\selenium\selenium-firefox-driver\3.14.0\selenium-firefox-driver-3.14.0.jar;C:\Users\Admin\.m2\repository\org\seleniumhq\selenium\selenium-ie-driver\3.14.0\selenium-ie-driver-3.14.0.jar;C:\Users\Admin\.m2\repository\org\seleniumhq\selenium\selenium-opera-driver\3.14.0\selenium-opera-driver-3.14.0.jar;C:\Users\Admin\.m2\repository\org\seleniumhq\selenium\selenium-remote-driver\3.14.0\selenium-remote-driver-3.14.0.jar;C:\Users\Admin\.m2\repository\org\seleniumhq\selenium\selenium-safari-driver\3.14.0\selenium-safari-driver-3.14.0.jar;C:\Users\Admin\.m2\repository\org\seleniumhq\selenium\selenium-support\3.14.0\selenium-support-3.14.0.jar;C:\Users\Admin\.m2\repository\c
Launcher Type: SUN_STANDARD

Logging:
Log output configuration:
#0: stdout all=warning uptime,level,tags
#1: stderr all=off uptime,level,tags

Environment Variables:
PATH=C:\Program Files (x86)\Common Files\Oracle\Java\javapath;C:\Windows\system32;C:\Windows;C:\Windows\System32\Wbem;C:\Windows\System32\WindowsPowerShell\v1.0\;C:\Program Files\Java\jdk-10.0.1\bin;C:\ImpData\AppiumSDK\android-sdk-windows\platform-tools;C:\ImpData\AppiumSDK\android-sdk-windows\tools\bin;
USERNAME=Admin
OS=Windows_NT
PROCESSOR_IDENTIFIER=Intel64 Family 6 Model 42 Stepping 7, GenuineIntel



---------------  S Y S T E M  ---------------

OS: Windows 10 , 64 bit Build 10240 (10.0.10240.16384)

CPU:total 4 (initial active 4) (2 cores per cpu, 2 threads per core) family 6 model 42 stepping 7, cmov, cx8, fxsr, mmx, sse, sse2, sse3, ssse3, sse4.1, sse4.2, popcnt, avx, clmul, ht, tsc, tscinvbit

Memory: 4k page, physical 8298816k(4071188k free), swap 9609536k(3942504k free)

vm_info: Java HotSpot(TM) 64-Bit Server VM (10.0.1+10) for windows-amd64 JRE (10.0.1+10), built on Mar 27 2018 02:27:48 by "mach5one" with MS VC++ 12.0 (VS2013)

END.
